current directory: /home/deploy/myapp/shared/bundle/ruby/2.4.0/gems/puma-3.9.1/ext/puma_http11
/home/deploy/.rbenv/versions/2.4.0/bin/ruby -r ./siteconf20170707-20640-7y65bt.rb extconf.rb
checking for BIO_read() in -lcrypto... yes
checking for SSL_CTX_new() in -lssl... yes
checking for openssl/bio.h... yes
creating Makefile

To see why this extension failed to compile, please check the mkmf.log which can be found here:

  /home/deploy/myapp/shared/bundle/ruby/2.4.0/extensions/x86_64-linux/2.4.0-static/puma-3.9.1/mkmf.log

current directory: /home/deploy/myapp/shared/bundle/ruby/2.4.0/gems/puma-3.9.1/ext/puma_http11
make "DESTDIR=" clean

current directory: /home/deploy/myapp/shared/bundle/ruby/2.4.0/gems/puma-3.9.1/ext/puma_http11
make "DESTDIR="
compiling http11_parser.c
In file included from ext/puma_http11/http11_parser.rl:8:0:
ext/puma_http11/http11_parser.rl: In function ‘puma_parser_execute’:
ext/puma_http11/http11_parser.rl:111:17: warning: comparison between signed and unsigned integer expressions [-Wsign-compare]
ext/puma_http11/http11_parser.rl: At top level:
cc1: warning: unrecognized command line option "-Wno-self-assign" [enabled by default]
cc1: warning: unrecognized command line option "-Wno-constant-logical-operand" [enabled by default]
cc1: warning: unrecognized command line option "-Wno-parentheses-equality" [enabled by default]
cc1: warning: unrecognized command line option "-Wno-tautological-compare" [enabled by default]
compiling io_buffer.c
compiling mini_ssl.c
mini_ssl.c: In function ‘engine_init_server’:
mini_ssl.c:153:3: warning: ISO C90 forbids mixed declarations and code [-Wdeclaration-after-statement]
   ID sym_cert = rb_intern("cert");
   ^
mini_ssl.c:158:3: warning: ISO C90 forbids mixed declarations and code [-Wdeclaration-after-statement]
   ID sym_ca = rb_intern("ca");
   ^
mini_ssl.c:180:3: warning: ISO C90 forbids mixed declarations and code [-Wdeclaration-after-statement]
   DH *dh = get_dh1024();
   ^
mini_ssl.c:184:3: warning: ISO C90 forbids mixed declarations and code [-Wdeclaration-after-statement]
   EC_KEY *ecdh = EC_KEY_new_by_curve_name(NID_secp521r1);
   ^
mini_ssl.c: In function ‘raise_error’:
mini_ssl.c:241:6: warning: function might be candidate for attribute ‘noreturn’ [-Wsuggest-attribute=noreturn]
 void raise_error(SSL* ssl, int result) {
      ^
mini_ssl.c: At top level:
cc1: warning: unrecognized command line option "-Wno-self-assign" [enabled by default]
cc1: warning: unrecognized command line option "-Wno-constant-logical-operand" [enabled by default]
cc1: warning: unrecognized command line option "-Wno-parentheses-equality" [enabled by default]
cc1: warning: unrecognized command line option "-Wno-tautological-compare" [enabled by default]
compiling puma_http11.c
linking shared-object puma/puma_http11.so

current directory: /home/deploy/myapp/shared/bundle/ruby/2.4.0/gems/puma-3.9.1/ext/puma_http11
make "DESTDIR=" install
/usr/bin/install -c -m 0755 puma_http11.so ./.gem.20170707-20640-1rbwbu3/puma
